[13-Nov-2025 12:42:56 UTC] PHP Fatal error:  Cannot redeclare wc_auth_api_init() (previously declared in C:\xampp\htdocs\liveshopping\wp-content\plugins\woocommerce-auth-api\woocommerce-auth-api.php:33) in C:\xampp\htdocs\liveshopping\wp-content\plugins\woocommerce-auth-api\woocommerce-auth-api.php on line 84
[13-Nov-2025 12:44:02 UTC] PHP Notice:  session_start(): Ignoring session_start() because a session is already active in C:\xampp\htdocs\liveshopping\wp-content\plugins\woocommerce-auth-api\includes\class-session-handler.php on line 22
[13-Nov-2025 12:44:05 UTC] PHP Notice:  session_start(): Ignoring session_start() because a session is already active in C:\xampp\htdocs\liveshopping\wp-content\plugins\woocommerce-auth-api\includes\class-session-handler.php on line 22
[13-Nov-2025 12:44:07 UTC] PHP Notice:  session_start(): Ignoring session_start() because a session is already active in C:\xampp\htdocs\liveshopping\wp-content\plugins\woocommerce-auth-api\includes\class-session-handler.php on line 22
[13-Nov-2025 12:44:08 UTC] PHP Notice:  session_start(): Ignoring session_start() because a session is already active in C:\xampp\htdocs\liveshopping\wp-content\plugins\woocommerce-auth-api\includes\class-session-handler.php on line 22
[13-Nov-2025 12:44:09 UTC] PHP Notice:  session_start(): Ignoring session_start() because a session is already active in C:\xampp\htdocs\liveshopping\wp-content\plugins\woocommerce-auth-api\includes\class-session-handler.php on line 22
[13-Nov-2025 12:45:07 UTC] PHP Notice:  session_start(): Ignoring session_start() because a session is already active in C:\xampp\htdocs\liveshopping\wp-content\plugins\woocommerce-auth-api\includes\class-session-handler.php on line 22
[13-Nov-2025 12:45:10 UTC] PHP Notice:  session_start(): Ignoring session_start() because a session is already active in C:\xampp\htdocs\liveshopping\wp-content\plugins\woocommerce-auth-api\includes\class-session-handler.php on line 22
[13-Nov-2025 12:46:44 UTC] PHP Notice:  session_start(): Ignoring session_start() because a session is already active in C:\xampp\htdocs\liveshopping\wp-content\plugins\woocommerce-auth-api\includes\class-session-handler.php on line 22
[13-Nov-2025 12:46:46 UTC] PHP Notice:  session_start(): Ignoring session_start() because a session is already active in C:\xampp\htdocs\liveshopping\wp-content\plugins\woocommerce-auth-api\includes\class-session-handler.php on line 22
[13-Nov-2025 12:46:48 UTC] PHP Notice:  session_start(): Ignoring session_start() because a session is already active in C:\xampp\htdocs\liveshopping\wp-content\plugins\woocommerce-auth-api\includes\class-session-handler.php on line 22
[13-Nov-2025 12:48:23 UTC] PHP Notice:  session_start(): Ignoring session_start() because a session is already active in C:\xampp\htdocs\liveshopping\wp-content\plugins\woocommerce-auth-api\includes\class-session-handler.php on line 22
[13-Nov-2025 12:48:25 UTC] PHP Notice:  session_start(): Ignoring session_start() because a session is already active in C:\xampp\htdocs\liveshopping\wp-content\plugins\woocommerce-auth-api\includes\class-session-handler.php on line 22
[13-Nov-2025 12:48:26 UTC] PHP Notice:  session_start(): Ignoring session_start() because a session is already active in C:\xampp\htdocs\liveshopping\wp-content\plugins\woocommerce-auth-api\includes\class-session-handler.php on line 22
[13-Nov-2025 12:48:29 UTC] PHP Notice:  session_start(): Ignoring session_start() because a session is already active in C:\xampp\htdocs\liveshopping\wp-content\plugins\woocommerce-auth-api\includes\class-session-handler.php on line 22
[13-Nov-2025 12:49:29 UTC] PHP Notice:  session_start(): Ignoring session_start() because a session is already active in C:\xampp\htdocs\liveshopping\wp-content\plugins\woocommerce-auth-api\includes\class-session-handler.php on line 22
[13-Nov-2025 12:49:31 UTC] PHP Notice:  session_start(): Ignoring session_start() because a session is already active in C:\xampp\htdocs\liveshopping\wp-content\plugins\woocommerce-auth-api\includes\class-session-handler.php on line 22
[13-Nov-2025 12:49:32 UTC] PHP Notice:  session_start(): Ignoring session_start() because a session is already active in C:\xampp\htdocs\liveshopping\wp-content\plugins\woocommerce-auth-api\includes\class-session-handler.php on line 22
[13-Nov-2025 12:50:20 UTC] PHP Fatal error:  Uncaught Error: Class "WC_Auth_Token_Manager" not found in C:\xampp\htdocs\liveshopping\wp-content\plugins\woocommerce-auth-api\includes\class-email-verification.php:11
Stack trace:
#0 C:\xampp\htdocs\liveshopping\wp-content\plugins\woocommerce-auth-api\includes\class-auth-manager.php(15): WC_Auth_Email_Verification->__construct()
#1 C:\xampp\htdocs\liveshopping\wp-content\plugins\woocommerce-auth-api\woocommerce-auth-api.php(44): WC_Auth_Manager->__construct()
#2 C:\xampp\htdocs\liveshopping\wp-includes\class-wp-hook.php(324): wc_auth_api_init('')
#3 C:\xampp\htdocs\liveshopping\wp-includes\class-wp-hook.php(348): WP_Hook->apply_filters(NULL, Array)
#4 C:\xampp\htdocs\liveshopping\wp-includes\plugin.php(517): WP_Hook->do_action(Array)
#5 C:\xampp\htdocs\liveshopping\wp-settings.php(578): do_action('plugins_loaded')
#6 C:\xampp\htdocs\liveshopping\wp-config.php(130): require_once('C:\\xampp\\htdocs...')
#7 C:\xampp\htdocs\liveshopping\wp-load.php(50): require_once('C:\\xampp\\htdocs...')
#8 C:\xampp\htdocs\liveshopping\wp-admin\admin.php(35): require_once('C:\\xampp\\htdocs...')
#9 C:\xampp\htdocs\liveshopping\wp-admin\index.php(10): require_once('C:\\xampp\\htdocs...')
#10 {main}
  thrown in C:\xampp\htdocs\liveshopping\wp-content\plugins\woocommerce-auth-api\includes\class-email-verification.php on line 11
[13-Nov-2025 12:50:20 UTC] PHP Notice:  Function _load_textdomain_just_in_time was called <strong>incorrectly</strong>. Translation loading for the <code>woocommerce</code> domain was triggered too early. This is usually an indicator for some code in the plugin or theme running too early. Translations should be loaded at the <code>init</code> action or later. Please see <a href="https://developer.wordpress.org/advanced-administration/debug/debug-wordpress/">Debugging in WordPress</a> for more information. (This message was added in version 6.7.0.) in C:\xampp\htdocs\liveshopping\wp-includes\functions.php on line 6121
[13-Nov-2025 12:50:53 UTC] PHP Notice:  session_start(): Ignoring session_start() because a session is already active in C:\xampp\htdocs\liveshopping\wp-content\plugins\woocommerce-auth-api\includes\class-session-handler.php on line 22
[13-Nov-2025 12:50:56 UTC] PHP Notice:  session_start(): Ignoring session_start() because a session is already active in C:\xampp\htdocs\liveshopping\wp-content\plugins\woocommerce-auth-api\includes\class-session-handler.php on line 22
[13-Nov-2025 12:50:57 UTC] PHP Notice:  session_start(): Ignoring session_start() because a session is already active in C:\xampp\htdocs\liveshopping\wp-content\plugins\woocommerce-auth-api\includes\class-session-handler.php on line 22
[13-Nov-2025 12:51:58 UTC] PHP Notice:  session_start(): Ignoring session_start() because a session is already active in C:\xampp\htdocs\liveshopping\wp-content\plugins\woocommerce-auth-api\includes\class-session-handler.php on line 22
[13-Nov-2025 12:52:00 UTC] PHP Notice:  session_start(): Ignoring session_start() because a session is already active in C:\xampp\htdocs\liveshopping\wp-content\plugins\woocommerce-auth-api\includes\class-session-handler.php on line 22
[13-Nov-2025 12:52:01 UTC] PHP Notice:  session_start(): Ignoring session_start() because a session is already active in C:\xampp\htdocs\liveshopping\wp-content\plugins\woocommerce-auth-api\includes\class-session-handler.php on line 22
[13-Nov-2025 12:53:57 UTC] PHP Notice:  session_start(): Ignoring session_start() because a session is already active in C:\xampp\htdocs\liveshopping\wp-content\plugins\woocommerce-auth-api\includes\class-session-handler.php on line 22
[13-Nov-2025 12:54:00 UTC] PHP Notice:  session_start(): Ignoring session_start() because a session is already active in C:\xampp\htdocs\liveshopping\wp-content\plugins\woocommerce-auth-api\includes\class-session-handler.php on line 22
[13-Nov-2025 12:55:59 UTC] PHP Notice:  session_start(): Ignoring session_start() because a session is already active in C:\xampp\htdocs\liveshopping\wp-content\plugins\woocommerce-auth-api\includes\class-session-handler.php on line 22
[13-Nov-2025 12:56:01 UTC] PHP Notice:  session_start(): Ignoring session_start() because a session is already active in C:\xampp\htdocs\liveshopping\wp-content\plugins\woocommerce-auth-api\includes\class-session-handler.php on line 22
[13-Nov-2025 12:56:03 UTC] PHP Notice:  session_start(): Ignoring session_start() because a session is already active in C:\xampp\htdocs\liveshopping\wp-content\plugins\woocommerce-auth-api\includes\class-session-handler.php on line 22
[13-Nov-2025 12:56:11 UTC] PHP Notice:  session_start(): Ignoring session_start() because a session is already active in C:\xampp\htdocs\liveshopping\wp-content\plugins\woocommerce-auth-api\includes\class-session-handler.php on line 22
[13-Nov-2025 12:56:15 UTC] PHP Notice:  session_start(): Ignoring session_start() because a session is already active in C:\xampp\htdocs\liveshopping\wp-content\plugins\woocommerce-auth-api\includes\class-session-handler.php on line 22
[13-Nov-2025 12:56:17 UTC] PHP Notice:  session_start(): Ignoring session_start() because a session is already active in C:\xampp\htdocs\liveshopping\wp-content\plugins\woocommerce-auth-api\includes\class-session-handler.php on line 22
[13-Nov-2025 12:56:19 UTC] PHP Notice:  session_start(): Ignoring session_start() because a session is already active in C:\xampp\htdocs\liveshopping\wp-content\plugins\woocommerce-auth-api\includes\class-session-handler.php on line 22
[13-Nov-2025 12:56:22 UTC] PHP Notice:  session_start(): Ignoring session_start() because a session is already active in C:\xampp\htdocs\liveshopping\wp-content\plugins\woocommerce-auth-api\includes\class-session-handler.php on line 22
[13-Nov-2025 12:57:20 UTC] PHP Notice:  session_start(): Ignoring session_start() because a session is already active in C:\xampp\htdocs\liveshopping\wp-content\plugins\woocommerce-auth-api\includes\class-session-handler.php on line 22
[13-Nov-2025 12:57:23 UTC] PHP Notice:  session_start(): Ignoring session_start() because a session is already active in C:\xampp\htdocs\liveshopping\wp-content\plugins\woocommerce-auth-api\includes\class-session-handler.php on line 22
[13-Nov-2025 12:57:46 UTC] PHP Notice:  session_start(): Ignoring session_start() because a session is already active in C:\xampp\htdocs\liveshopping\wp-content\plugins\woocommerce-auth-api\includes\class-session-handler.php on line 22
[13-Nov-2025 12:57:49 UTC] PHP Notice:  session_start(): Ignoring session_start() because a session is already active in C:\xampp\htdocs\liveshopping\wp-content\plugins\woocommerce-auth-api\includes\class-session-handler.php on line 22
[13-Nov-2025 12:58:06 UTC] PHP Notice:  session_start(): Ignoring session_start() because a session is already active in C:\xampp\htdocs\liveshopping\wp-content\plugins\woocommerce-auth-api\includes\class-session-handler.php on line 22
[13-Nov-2025 12:58:09 UTC] PHP Notice:  session_start(): Ignoring session_start() because a session is already active in C:\xampp\htdocs\liveshopping\wp-content\plugins\woocommerce-auth-api\includes\class-session-handler.php on line 22
[13-Nov-2025 12:58:58 UTC] PHP Notice:  session_start(): Ignoring session_start() because a session is already active in C:\xampp\htdocs\liveshopping\wp-content\plugins\woocommerce-auth-api\includes\class-session-handler.php on line 22
[13-Nov-2025 12:59:01 UTC] PHP Notice:  session_start(): Ignoring session_start() because a session is already active in C:\xampp\htdocs\liveshopping\wp-content\plugins\woocommerce-auth-api\includes\class-session-handler.php on line 22
[13-Nov-2025 12:59:03 UTC] PHP Notice:  session_start(): Ignoring session_start() because a session is already active in C:\xampp\htdocs\liveshopping\wp-content\plugins\woocommerce-auth-api\includes\class-session-handler.php on line 22
[13-Nov-2025 12:59:03 UTC] PHP Notice:  session_start(): Ignoring session_start() because a session is already active in C:\xampp\htdocs\liveshopping\wp-content\plugins\woocommerce-auth-api\includes\class-session-handler.php on line 22
[13-Nov-2025 12:59:56 UTC] PHP Notice:  session_start(): Ignoring session_start() because a session is already active in C:\xampp\htdocs\liveshopping\wp-content\plugins\woocommerce-auth-api\includes\class-session-handler.php on line 22
[13-Nov-2025 12:59:59 UTC] PHP Notice:  session_start(): Ignoring session_start() because a session is already active in C:\xampp\htdocs\liveshopping\wp-content\plugins\woocommerce-auth-api\includes\class-session-handler.php on line 22
[13-Nov-2025 13:00:01 UTC] PHP Notice:  session_start(): Ignoring session_start() because a session is already active in C:\xampp\htdocs\liveshopping\wp-content\plugins\woocommerce-auth-api\includes\class-session-handler.php on line 22
[13-Nov-2025 13:01:01 UTC] PHP Notice:  session_start(): Ignoring session_start() because a session is already active in C:\xampp\htdocs\liveshopping\wp-content\plugins\woocommerce-auth-api\includes\class-session-handler.php on line 22
[13-Nov-2025 13:01:03 UTC] PHP Notice:  session_start(): Ignoring session_start() because a session is already active in C:\xampp\htdocs\liveshopping\wp-content\plugins\woocommerce-auth-api\includes\class-session-handler.php on line 22
[13-Nov-2025 13:01:04 UTC] PHP Notice:  session_start(): Ignoring session_start() because a session is already active in C:\xampp\htdocs\liveshopping\wp-content\plugins\woocommerce-auth-api\includes\class-session-handler.php on line 22
[13-Nov-2025 13:01:06 UTC] PHP Notice:  session_start(): Ignoring session_start() because a session is already active in C:\xampp\htdocs\liveshopping\wp-content\plugins\woocommerce-auth-api\includes\class-session-handler.php on line 22
[13-Nov-2025 13:01:07 UTC] PHP Notice:  session_start(): Ignoring session_start() because a session is already active in C:\xampp\htdocs\liveshopping\wp-content\plugins\woocommerce-auth-api\includes\class-session-handler.php on line 22
[13-Nov-2025 13:02:06 UTC] PHP Notice:  session_start(): Ignoring session_start() because a session is already active in C:\xampp\htdocs\liveshopping\wp-content\plugins\woocommerce-auth-api\includes\class-session-handler.php on line 22
[13-Nov-2025 13:02:09 UTC] PHP Notice:  session_start(): Ignoring session_start() because a session is already active in C:\xampp\htdocs\liveshopping\wp-content\plugins\woocommerce-auth-api\includes\class-session-handler.php on line 22
[13-Nov-2025 13:04:07 UTC] PHP Notice:  session_start(): Ignoring session_start() because a session is already active in C:\xampp\htdocs\liveshopping\wp-content\plugins\woocommerce-auth-api\includes\class-session-handler.php on line 22
[13-Nov-2025 13:04:09 UTC] PHP Notice:  session_start(): Ignoring session_start() because a session is already active in C:\xampp\htdocs\liveshopping\wp-content\plugins\woocommerce-auth-api\includes\class-session-handler.php on line 22
[13-Nov-2025 13:04:10 UTC] PHP Notice:  session_start(): Ignoring session_start() because a session is already active in C:\xampp\htdocs\liveshopping\wp-content\plugins\woocommerce-auth-api\includes\class-session-handler.php on line 22
[13-Nov-2025 13:06:07 UTC] PHP Notice:  session_start(): Ignoring session_start() because a session is already active in C:\xampp\htdocs\liveshopping\wp-content\plugins\woocommerce-auth-api\includes\class-session-handler.php on line 22
[13-Nov-2025 13:06:09 UTC] PHP Notice:  session_start(): Ignoring session_start() because a session is already active in C:\xampp\htdocs\liveshopping\wp-content\plugins\woocommerce-auth-api\includes\class-session-handler.php on line 22
[13-Nov-2025 13:06:11 UTC] PHP Notice:  session_start(): Ignoring session_start() because a session is already active in C:\xampp\htdocs\liveshopping\wp-content\plugins\woocommerce-auth-api\includes\class-session-handler.php on line 22
[13-Nov-2025 13:07:09 UTC] PHP Notice:  session_start(): Ignoring session_start() because a session is already active in C:\xampp\htdocs\liveshopping\wp-content\plugins\woocommerce-auth-api\includes\class-session-handler.php on line 22
[13-Nov-2025 13:07:11 UTC] PHP Notice:  session_start(): Ignoring session_start() because a session is already active in C:\xampp\htdocs\liveshopping\wp-content\plugins\woocommerce-auth-api\includes\class-session-handler.php on line 22
[13-Nov-2025 13:09:10 UTC] PHP Notice:  session_start(): Ignoring session_start() because a session is already active in C:\xampp\htdocs\liveshopping\wp-content\plugins\woocommerce-auth-api\includes\class-session-handler.php on line 22
[13-Nov-2025 13:09:13 UTC] PHP Notice:  session_start(): Ignoring session_start() because a session is already active in C:\xampp\htdocs\liveshopping\wp-content\plugins\woocommerce-auth-api\includes\class-session-handler.php on line 22
[13-Nov-2025 13:09:14 UTC] PHP Notice:  session_start(): Ignoring session_start() because a session is already active in C:\xampp\htdocs\liveshopping\wp-content\plugins\woocommerce-auth-api\includes\class-session-handler.php on line 22
[13-Nov-2025 13:11:11 UTC] PHP Fatal error:  Uncaught Error: Undefined constant "SALT_KEY" in C:\xampp\htdocs\liveshopping\wp-content\plugins\woocommerce-auth-api\includes\class-session-handler.php:116
Stack trace:
#0 C:\xampp\htdocs\liveshopping\wp-content\plugins\woocommerce-auth-api\includes\class-session-handler.php(140): WC_Auth_Session_Handler->generate_fingerprint()
#1 C:\xampp\htdocs\liveshopping\wp-includes\class-wp-hook.php(324): WC_Auth_Session_Handler->validate_session_fingerprint('')
#2 C:\xampp\htdocs\liveshopping\wp-includes\class-wp-hook.php(348): WP_Hook->apply_filters(NULL, Array)
#3 C:\xampp\htdocs\liveshopping\wp-includes\plugin.php(517): WP_Hook->do_action(Array)
#4 C:\xampp\htdocs\liveshopping\wp-settings.php(727): do_action('init')
#5 C:\xampp\htdocs\liveshopping\wp-config.php(130): require_once('C:\\xampp\\htdocs...')
#6 C:\xampp\htdocs\liveshopping\wp-load.php(50): require_once('C:\\xampp\\htdocs...')
#7 C:\xampp\htdocs\liveshopping\wp-admin\admin-ajax.php(22): require_once('C:\\xampp\\htdocs...')
#8 {main}
  thrown in C:\xampp\htdocs\liveshopping\wp-content\plugins\woocommerce-auth-api\includes\class-session-handler.php on line 116
[13-Nov-2025 13:11:13 UTC] PHP Fatal error:  Uncaught Error: Undefined constant "SALT_KEY" in C:\xampp\htdocs\liveshopping\wp-content\plugins\woocommerce-auth-api\includes\class-session-handler.php:116
Stack trace:
#0 C:\xampp\htdocs\liveshopping\wp-content\plugins\woocommerce-auth-api\includes\class-session-handler.php(140): WC_Auth_Session_Handler->generate_fingerprint()
#1 C:\xampp\htdocs\liveshopping\wp-includes\class-wp-hook.php(324): WC_Auth_Session_Handler->validate_session_fingerprint('')
#2 C:\xampp\htdocs\liveshopping\wp-includes\class-wp-hook.php(348): WP_Hook->apply_filters(NULL, Array)
#3 C:\xampp\htdocs\liveshopping\wp-includes\plugin.php(517): WP_Hook->do_action(Array)
#4 C:\xampp\htdocs\liveshopping\wp-settings.php(727): do_action('init')
#5 C:\xampp\htdocs\liveshopping\wp-config.php(130): require_once('C:\\xampp\\htdocs...')
#6 C:\xampp\htdocs\liveshopping\wp-load.php(50): require_once('C:\\xampp\\htdocs...')
#7 C:\xampp\htdocs\liveshopping\wp-admin\admin-ajax.php(22): require_once('C:\\xampp\\htdocs...')
#8 {main}
  thrown in C:\xampp\htdocs\liveshopping\wp-content\plugins\woocommerce-auth-api\includes\class-session-handler.php on line 116
[13-Nov-2025 13:13:13 UTC] PHP Fatal error:  Uncaught Error: Undefined constant "SALT_KEY" in C:\xampp\htdocs\liveshopping\wp-content\plugins\woocommerce-auth-api\includes\class-session-handler.php:116
Stack trace:
#0 C:\xampp\htdocs\liveshopping\wp-content\plugins\woocommerce-auth-api\includes\class-session-handler.php(140): WC_Auth_Session_Handler->generate_fingerprint()
#1 C:\xampp\htdocs\liveshopping\wp-includes\class-wp-hook.php(324): WC_Auth_Session_Handler->validate_session_fingerprint('')
#2 C:\xampp\htdocs\liveshopping\wp-includes\class-wp-hook.php(348): WP_Hook->apply_filters(NULL, Array)
#3 C:\xampp\htdocs\liveshopping\wp-includes\plugin.php(517): WP_Hook->do_action(Array)
#4 C:\xampp\htdocs\liveshopping\wp-settings.php(727): do_action('init')
#5 C:\xampp\htdocs\liveshopping\wp-config.php(130): require_once('C:\\xampp\\htdocs...')
#6 C:\xampp\htdocs\liveshopping\wp-load.php(50): require_once('C:\\xampp\\htdocs...')
#7 C:\xampp\htdocs\liveshopping\wp-admin\admin-ajax.php(22): require_once('C:\\xampp\\htdocs...')
#8 {main}
  thrown in C:\xampp\htdocs\liveshopping\wp-content\plugins\woocommerce-auth-api\includes\class-session-handler.php on line 116
[13-Nov-2025 13:13:15 UTC] PHP Fatal error:  Uncaught Error: Undefined constant "SALT_KEY" in C:\xampp\htdocs\liveshopping\wp-content\plugins\woocommerce-auth-api\includes\class-session-handler.php:116
Stack trace:
#0 C:\xampp\htdocs\liveshopping\wp-content\plugins\woocommerce-auth-api\includes\class-session-handler.php(140): WC_Auth_Session_Handler->generate_fingerprint()
#1 C:\xampp\htdocs\liveshopping\wp-includes\class-wp-hook.php(324): WC_Auth_Session_Handler->validate_session_fingerprint('')
#2 C:\xampp\htdocs\liveshopping\wp-includes\class-wp-hook.php(348): WP_Hook->apply_filters(NULL, Array)
#3 C:\xampp\htdocs\liveshopping\wp-includes\plugin.php(517): WP_Hook->do_action(Array)
#4 C:\xampp\htdocs\liveshopping\wp-settings.php(727): do_action('init')
#5 C:\xampp\htdocs\liveshopping\wp-config.php(130): require_once('C:\\xampp\\htdocs...')
#6 C:\xampp\htdocs\liveshopping\wp-load.php(50): require_once('C:\\xampp\\htdocs...')
#7 C:\xampp\htdocs\liveshopping\wp-admin\admin-ajax.php(22): require_once('C:\\xampp\\htdocs...')
#8 {main}
  thrown in C:\xampp\htdocs\liveshopping\wp-content\plugins\woocommerce-auth-api\includes\class-session-handler.php on line 116
[13-Nov-2025 13:15:13 UTC] PHP Fatal error:  Uncaught Error: Undefined constant "SALT_KEY" in C:\xampp\htdocs\liveshopping\wp-content\plugins\woocommerce-auth-api\includes\class-session-handler.php:116
Stack trace:
#0 C:\xampp\htdocs\liveshopping\wp-content\plugins\woocommerce-auth-api\includes\class-session-handler.php(140): WC_Auth_Session_Handler->generate_fingerprint()
#1 C:\xampp\htdocs\liveshopping\wp-includes\class-wp-hook.php(324): WC_Auth_Session_Handler->validate_session_fingerprint('')
#2 C:\xampp\htdocs\liveshopping\wp-includes\class-wp-hook.php(348): WP_Hook->apply_filters(NULL, Array)
#3 C:\xampp\htdocs\liveshopping\wp-includes\plugin.php(517): WP_Hook->do_action(Array)
#4 C:\xampp\htdocs\liveshopping\wp-settings.php(727): do_action('init')
#5 C:\xampp\htdocs\liveshopping\wp-config.php(130): require_once('C:\\xampp\\htdocs...')
#6 C:\xampp\htdocs\liveshopping\wp-load.php(50): require_once('C:\\xampp\\htdocs...')
#7 C:\xampp\htdocs\liveshopping\wp-admin\admin-ajax.php(22): require_once('C:\\xampp\\htdocs...')
#8 {main}
  thrown in C:\xampp\htdocs\liveshopping\wp-content\plugins\woocommerce-auth-api\includes\class-session-handler.php on line 116
[13-Nov-2025 13:15:15 UTC] PHP Fatal error:  Uncaught Error: Undefined constant "SALT_KEY" in C:\xampp\htdocs\liveshopping\wp-content\plugins\woocommerce-auth-api\includes\class-session-handler.php:116
Stack trace:
#0 C:\xampp\htdocs\liveshopping\wp-content\plugins\woocommerce-auth-api\includes\class-session-handler.php(140): WC_Auth_Session_Handler->generate_fingerprint()
#1 C:\xampp\htdocs\liveshopping\wp-includes\class-wp-hook.php(324): WC_Auth_Session_Handler->validate_session_fingerprint('')
#2 C:\xampp\htdocs\liveshopping\wp-includes\class-wp-hook.php(348): WP_Hook->apply_filters(NULL, Array)
#3 C:\xampp\htdocs\liveshopping\wp-includes\plugin.php(517): WP_Hook->do_action(Array)
#4 C:\xampp\htdocs\liveshopping\wp-settings.php(727): do_action('init')
#5 C:\xampp\htdocs\liveshopping\wp-config.php(130): require_once('C:\\xampp\\htdocs...')
#6 C:\xampp\htdocs\liveshopping\wp-load.php(50): require_once('C:\\xampp\\htdocs...')
#7 C:\xampp\htdocs\liveshopping\wp-admin\admin-ajax.php(22): require_once('C:\\xampp\\htdocs...')
#8 {main}
  thrown in C:\xampp\htdocs\liveshopping\wp-content\plugins\woocommerce-auth-api\includes\class-session-handler.php on line 116
[13-Nov-2025 13:17:14 UTC] PHP Fatal error:  Uncaught Error: Undefined constant "SALT_KEY" in C:\xampp\htdocs\liveshopping\wp-content\plugins\woocommerce-auth-api\includes\class-session-handler.php:116
Stack trace:
#0 C:\xampp\htdocs\liveshopping\wp-content\plugins\woocommerce-auth-api\includes\class-session-handler.php(140): WC_Auth_Session_Handler->generate_fingerprint()
#1 C:\xampp\htdocs\liveshopping\wp-includes\class-wp-hook.php(324): WC_Auth_Session_Handler->validate_session_fingerprint('')
#2 C:\xampp\htdocs\liveshopping\wp-includes\class-wp-hook.php(348): WP_Hook->apply_filters(NULL, Array)
#3 C:\xampp\htdocs\liveshopping\wp-includes\plugin.php(517): WP_Hook->do_action(Array)
#4 C:\xampp\htdocs\liveshopping\wp-settings.php(727): do_action('init')
#5 C:\xampp\htdocs\liveshopping\wp-config.php(130): require_once('C:\\xampp\\htdocs...')
#6 C:\xampp\htdocs\liveshopping\wp-load.php(50): require_once('C:\\xampp\\htdocs...')
#7 C:\xampp\htdocs\liveshopping\wp-admin\admin-ajax.php(22): require_once('C:\\xampp\\htdocs...')
#8 {main}
  thrown in C:\xampp\htdocs\liveshopping\wp-content\plugins\woocommerce-auth-api\includes\class-session-handler.php on line 116
[13-Nov-2025 13:17:17 UTC] PHP Fatal error:  Uncaught Error: Undefined constant "SALT_KEY" in C:\xampp\htdocs\liveshopping\wp-content\plugins\woocommerce-auth-api\includes\class-session-handler.php:116
Stack trace:
#0 C:\xampp\htdocs\liveshopping\wp-content\plugins\woocommerce-auth-api\includes\class-session-handler.php(140): WC_Auth_Session_Handler->generate_fingerprint()
#1 C:\xampp\htdocs\liveshopping\wp-includes\class-wp-hook.php(324): WC_Auth_Session_Handler->validate_session_fingerprint('')
#2 C:\xampp\htdocs\liveshopping\wp-includes\class-wp-hook.php(348): WP_Hook->apply_filters(NULL, Array)
#3 C:\xampp\htdocs\liveshopping\wp-includes\plugin.php(517): WP_Hook->do_action(Array)
#4 C:\xampp\htdocs\liveshopping\wp-settings.php(727): do_action('init')
#5 C:\xampp\htdocs\liveshopping\wp-config.php(130): require_once('C:\\xampp\\htdocs...')
#6 C:\xampp\htdocs\liveshopping\wp-load.php(50): require_once('C:\\xampp\\htdocs...')
#7 C:\xampp\htdocs\liveshopping\wp-admin\admin-ajax.php(22): require_once('C:\\xampp\\htdocs...')
#8 {main}
  thrown in C:\xampp\htdocs\liveshopping\wp-content\plugins\woocommerce-auth-api\includes\class-session-handler.php on line 116
[13-Nov-2025 13:29:20 UTC] PHP Fatal error:  Uncaught Error: Undefined constant "WC_AUTH_API_PLUGIN_DIR" in C:\xampp\htdocs\liveshopping\wp-content\plugins\woocommerce-auth-api\woocommerce-auth-api.php:36
Stack trace:
#0 C:\xampp\htdocs\liveshopping\wp-settings.php(545): include_once()
#1 C:\xampp\htdocs\liveshopping\wp-config.php(130): require_once('C:\\xampp\\htdocs...')
#2 C:\xampp\htdocs\liveshopping\wp-load.php(50): require_once('C:\\xampp\\htdocs...')
#3 C:\xampp\htdocs\liveshopping\wp-admin\admin-ajax.php(22): require_once('C:\\xampp\\htdocs...')
#4 {main}
  thrown in C:\xampp\htdocs\liveshopping\wp-content\plugins\woocommerce-auth-api\woocommerce-auth-api.php on line 36
[13-Nov-2025 13:29:21 UTC] PHP Fatal error:  Uncaught Error: Undefined constant "WC_AUTH_API_PLUGIN_DIR" in C:\xampp\htdocs\liveshopping\wp-content\plugins\woocommerce-auth-api\woocommerce-auth-api.php:36
Stack trace:
#0 C:\xampp\htdocs\liveshopping\wp-settings.php(545): include_once()
#1 C:\xampp\htdocs\liveshopping\wp-config.php(130): require_once('C:\\xampp\\htdocs...')
#2 C:\xampp\htdocs\liveshopping\wp-load.php(50): require_once('C:\\xampp\\htdocs...')
#3 C:\xampp\htdocs\liveshopping\wp-admin\admin.php(35): require_once('C:\\xampp\\htdocs...')
#4 C:\xampp\htdocs\liveshopping\wp-admin\index.php(10): require_once('C:\\xampp\\htdocs...')
#5 {main}
  thrown in C:\xampp\htdocs\liveshopping\wp-content\plugins\woocommerce-auth-api\woocommerce-auth-api.php on line 36
[13-Nov-2025 13:31:17 UTC] PHP Fatal error:  Uncaught Error: Undefined constant "WC_AUTH_API_PLUGIN_DIR" in C:\xampp\htdocs\liveshopping\wp-content\plugins\woocommerce-auth-api\woocommerce-auth-api.php:37
Stack trace:
#0 C:\xampp\htdocs\liveshopping\wp-settings.php(545): include_once()
#1 C:\xampp\htdocs\liveshopping\wp-config.php(130): require_once('C:\\xampp\\htdocs...')
#2 C:\xampp\htdocs\liveshopping\wp-load.php(50): require_once('C:\\xampp\\htdocs...')
#3 C:\xampp\htdocs\liveshopping\wp-admin\admin.php(35): require_once('C:\\xampp\\htdocs...')
#4 C:\xampp\htdocs\liveshopping\wp-admin\index.php(10): require_once('C:\\xampp\\htdocs...')
#5 {main}
  thrown in C:\xampp\htdocs\liveshopping\wp-content\plugins\woocommerce-auth-api\woocommerce-auth-api.php on line 37
[13-Nov-2025 13:34:23 UTC] PHP Fatal error:  Uncaught Error: Call to private WC_Auth_Manager::__construct() from global scope in C:\xampp\htdocs\liveshopping\wp-content\plugins\woocommerce-auth-api\woocommerce-auth-api.php:78
Stack trace:
#0 C:\xampp\htdocs\liveshopping\wp-includes\class-wp-hook.php(324): wc_auth_api_init('')
#1 C:\xampp\htdocs\liveshopping\wp-includes\class-wp-hook.php(348): WP_Hook->apply_filters(NULL, Array)
#2 C:\xampp\htdocs\liveshopping\wp-includes\plugin.php(517): WP_Hook->do_action(Array)
#3 C:\xampp\htdocs\liveshopping\wp-settings.php(578): do_action('plugins_loaded')
#4 C:\xampp\htdocs\liveshopping\wp-config.php(130): require_once('C:\\xampp\\htdocs...')
#5 C:\xampp\htdocs\liveshopping\wp-load.php(50): require_once('C:\\xampp\\htdocs...')
#6 C:\xampp\htdocs\liveshopping\wp-admin\admin.php(35): require_once('C:\\xampp\\htdocs...')
#7 C:\xampp\htdocs\liveshopping\wp-admin\index.php(10): require_once('C:\\xampp\\htdocs...')
#8 {main}
  thrown in C:\xampp\htdocs\liveshopping\wp-content\plugins\woocommerce-auth-api\woocommerce-auth-api.php on line 78
[13-Nov-2025 13:34:23 UTC] PHP Notice:  Function _load_textdomain_just_in_time was called <strong>incorrectly</strong>. Translation loading for the <code>woocommerce</code> domain was triggered too early. This is usually an indicator for some code in the plugin or theme running too early. Translations should be loaded at the <code>init</code> action or later. Please see <a href="https://developer.wordpress.org/advanced-administration/debug/debug-wordpress/">Debugging in WordPress</a> for more information. (This message was added in version 6.7.0.) in C:\xampp\htdocs\liveshopping\wp-includes\functions.php on line 6121
[13-Nov-2025 13:35:45 UTC] PHP Fatal error:  Uncaught Error: Call to private WC_Auth_Manager::__construct() from global scope in C:\xampp\htdocs\liveshopping\wp-content\plugins\woocommerce-auth-api\woocommerce-auth-api.php:78
Stack trace:
#0 C:\xampp\htdocs\liveshopping\wp-includes\class-wp-hook.php(324): wc_auth_api_init('')
#1 C:\xampp\htdocs\liveshopping\wp-includes\class-wp-hook.php(348): WP_Hook->apply_filters(NULL, Array)
#2 C:\xampp\htdocs\liveshopping\wp-includes\plugin.php(517): WP_Hook->do_action(Array)
#3 C:\xampp\htdocs\liveshopping\wp-settings.php(578): do_action('plugins_loaded')
#4 C:\xampp\htdocs\liveshopping\wp-config.php(130): require_once('C:\\xampp\\htdocs...')
#5 C:\xampp\htdocs\liveshopping\wp-load.php(50): require_once('C:\\xampp\\htdocs...')
#6 C:\xampp\htdocs\liveshopping\wp-admin\admin.php(35): require_once('C:\\xampp\\htdocs...')
#7 C:\xampp\htdocs\liveshopping\wp-admin\index.php(10): require_once('C:\\xampp\\htdocs...')
#8 {main}
  thrown in C:\xampp\htdocs\liveshopping\wp-content\plugins\woocommerce-auth-api\woocommerce-auth-api.php on line 78
[13-Nov-2025 13:35:45 UTC] PHP Notice:  Function _load_textdomain_just_in_time was called <strong>incorrectly</strong>. Translation loading for the <code>woocommerce</code> domain was triggered too early. This is usually an indicator for some code in the plugin or theme running too early. Translations should be loaded at the <code>init</code> action or later. Please see <a href="https://developer.wordpress.org/advanced-administration/debug/debug-wordpress/">Debugging in WordPress</a> for more information. (This message was added in version 6.7.0.) in C:\xampp\htdocs\liveshopping\wp-includes\functions.php on line 6121
[13-Nov-2025 13:36:29 UTC] PHP Fatal error:  Uncaught Error: Call to private WC_Auth_Manager::__construct() from global scope in C:\xampp\htdocs\liveshopping\wp-content\plugins\woocommerce-auth-api\woocommerce-auth-api.php:67
Stack trace:
#0 C:\xampp\htdocs\liveshopping\wp-includes\class-wp-hook.php(324): wc_auth_api_init('')
#1 C:\xampp\htdocs\liveshopping\wp-includes\class-wp-hook.php(348): WP_Hook->apply_filters(NULL, Array)
#2 C:\xampp\htdocs\liveshopping\wp-includes\plugin.php(517): WP_Hook->do_action(Array)
#3 C:\xampp\htdocs\liveshopping\wp-settings.php(578): do_action('plugins_loaded')
#4 C:\xampp\htdocs\liveshopping\wp-config.php(130): require_once('C:\\xampp\\htdocs...')
#5 C:\xampp\htdocs\liveshopping\wp-load.php(50): require_once('C:\\xampp\\htdocs...')
#6 C:\xampp\htdocs\liveshopping\wp-admin\admin.php(35): require_once('C:\\xampp\\htdocs...')
#7 C:\xampp\htdocs\liveshopping\wp-admin\index.php(10): require_once('C:\\xampp\\htdocs...')
#8 {main}
  thrown in C:\xampp\htdocs\liveshopping\wp-content\plugins\woocommerce-auth-api\woocommerce-auth-api.php on line 67
[13-Nov-2025 13:36:29 UTC] PHP Notice:  Function _load_textdomain_just_in_time was called <strong>incorrectly</strong>. Translation loading for the <code>woocommerce</code> domain was triggered too early. This is usually an indicator for some code in the plugin or theme running too early. Translations should be loaded at the <code>init</code> action or later. Please see <a href="https://developer.wordpress.org/advanced-administration/debug/debug-wordpress/">Debugging in WordPress</a> for more information. (This message was added in version 6.7.0.) in C:\xampp\htdocs\liveshopping\wp-includes\functions.php on line 6121
[13-Nov-2025 13:36:33 UTC] PHP Fatal error:  Uncaught Error: Call to private WC_Auth_Manager::__construct() from global scope in C:\xampp\htdocs\liveshopping\wp-content\plugins\woocommerce-auth-api\woocommerce-auth-api.php:67
Stack trace:
#0 C:\xampp\htdocs\liveshopping\wp-includes\class-wp-hook.php(324): wc_auth_api_init('')
#1 C:\xampp\htdocs\liveshopping\wp-includes\class-wp-hook.php(348): WP_Hook->apply_filters(NULL, Array)
#2 C:\xampp\htdocs\liveshopping\wp-includes\plugin.php(517): WP_Hook->do_action(Array)
#3 C:\xampp\htdocs\liveshopping\wp-settings.php(578): do_action('plugins_loaded')
#4 C:\xampp\htdocs\liveshopping\wp-config.php(130): require_once('C:\\xampp\\htdocs...')
#5 C:\xampp\htdocs\liveshopping\wp-load.php(50): require_once('C:\\xampp\\htdocs...')
#6 C:\xampp\htdocs\liveshopping\wp-admin\admin.php(35): require_once('C:\\xampp\\htdocs...')
#7 C:\xampp\htdocs\liveshopping\wp-admin\index.php(10): require_once('C:\\xampp\\htdocs...')
#8 {main}
  thrown in C:\xampp\htdocs\liveshopping\wp-content\plugins\woocommerce-auth-api\woocommerce-auth-api.php on line 67
[13-Nov-2025 13:36:33 UTC] PHP Notice:  Function _load_textdomain_just_in_time was called <strong>incorrectly</strong>. Translation loading for the <code>woocommerce</code> domain was triggered too early. This is usually an indicator for some code in the plugin or theme running too early. Translations should be loaded at the <code>init</code> action or later. Please see <a href="https://developer.wordpress.org/advanced-administration/debug/debug-wordpress/">Debugging in WordPress</a> for more information. (This message was added in version 6.7.0.) in C:\xampp\htdocs\liveshopping\wp-includes\functions.php on line 6121
